Determining if the pthread_create exist failed with the following output:
Change Dir: /home/simon/catkin_ws/build/CMakeFiles/CMakeTmp

Run Build Command:/usr/bin/make "cmTryCompileExec2194919382/fast"
/usr/bin/make -f CMakeFiles/cmTryCompileExec2194919382.dir/build.make CMakeFiles/cmTryCompileExec2194919382.dir/build
make[1]: Entering directory `/home/simon/catkin_ws/build/CMakeFiles/CMakeTmp'
/usr/bin/cmake -E cmake_progress_report /home/simon/catkin_ws/build/CMakeFiles/CMakeTmp/CMakeFiles 1
Building C object CMakeFiles/cmTryCompileExec2194919382.dir/CheckSymbolExists.c.o
/usr/bin/cc    -o CMakeFiles/cmTryCompileExec2194919382.dir/CheckSymbolExists.c.o   -c /home/simon/catkin_ws/build/CMakeFiles/CMakeTmp/CheckSymbolExists.c
Linking C executable cmTryCompileExec2194919382
/usr/bin/cmake -E cmake_link_script CMakeFiles/cmTryCompileExec2194919382.dir/link.txt --verbose=1
/usr/bin/cc       CMakeFiles/cmTryCompileExec2194919382.dir/CheckSymbolExists.c.o  -o cmTryCompileExec2194919382 -rdynamic 
CMakeFiles/cmTryCompileExec2194919382.dir/CheckSymbolExists.c.o: In function `main':
CheckSymbolExists.c:(.text+0x16): undefined reference to `pthread_create'
collect2: error: ld returned 1 exit status
make[1]: Leaving directory `/home/simon/catkin_ws/build/CMakeFiles/CMakeTmp'
make[1]: *** [cmTryCompileExec2194919382] Error 1
make: *** [cmTryCompileExec2194919382/fast] Error 2

File /home/simon/catkin_ws/build/CMakeFiles/CMakeTmp/CheckSymbolExists.c:
/* */
#include <pthread.h>

int main(int argc, char** argv)
{
  (void)argv;
#ifndef pthread_create
  return ((int*)(&pthread_create))[argc];
#else
  (void)argc;
  return 0;
#endif
}

Determining if the function pthread_create exists in the pthreads failed with the following output:
Change Dir: /home/simon/catkin_ws/build/CMakeFiles/CMakeTmp

Run Build Command:/usr/bin/make "cmTryCompileExec3432876203/fast"
/usr/bin/make -f CMakeFiles/cmTryCompileExec3432876203.dir/build.make CMakeFiles/cmTryCompileExec3432876203.dir/build
make[1]: Entering directory `/home/simon/catkin_ws/build/CMakeFiles/CMakeTmp'
/usr/bin/cmake -E cmake_progress_report /home/simon/catkin_ws/build/CMakeFiles/CMakeTmp/CMakeFiles 1
Building C object CMakeFiles/cmTryCompileExec3432876203.dir/CheckFunctionExists.c.o
/usr/bin/cc   -DCHECK_FUNCTION_EXISTS=pthread_create   -o CMakeFiles/cmTryCompileExec3432876203.dir/CheckFunctionExists.c.o   -c /usr/share/cmake-2.8/Modules/CheckFunctionExists.c
Linking C executable cmTryCompileExec3432876203
/usr/bin/cmake -E cmake_link_script CMakeFiles/cmTryCompileExec3432876203.dir/link.txt --verbose=1
/usr/bin/cc   -DCHECK_FUNCTION_EXISTS=pthread_create    CMakeFiles/cmTryCompileExec3432876203.dir/CheckFunctionExists.c.o  -o cmTryCompileExec3432876203 -rdynamic -lpthreads 
/usr/bin/ld: cannot find -lpthreads
collect2: error: ld returned 1 exit status
make[1]: Leaving directory `/home/simon/catkin_ws/build/CMakeFiles/CMakeTmp'
make[1]: *** [cmTryCompileExec3432876203] Error 1
make: *** [cmTryCompileExec3432876203/fast] Error 2


